0 info it worked if it ends with ok
1 verbose cli [ '/usr/local/bin/node', '/usr/local/bin/npm', 'start' ]
2 info using npm@3.5.3
3 info using node@v4.2.4
4 verbose run-script [ 'prestart', 'start', 'poststart' ]
5 info lifecycle jlongster.com@~prestart: jlongster.com@
6 silly lifecycle jlongster.com@~prestart: no script for prestart, continuing
7 info lifecycle jlongster.com@~start: jlongster.com@
8 verbose lifecycle jlongster.com@~start: unsafe-perm in lifecycle true
9 verbose lifecycle jlongster.com@~start: PATH: /usr/local/lib/node_modules/npm/bin/node-gyp-bin:/Users/james/projects/jlongster/site/node_modules/.bin:/Users/james/projects/scripts:/Users/james/projects/outlet/bin:/Users/james/projects/jsshell:/Users/james/projects/LLJS/bin:/usr/local/pgsql/bin:/usr/local/sbin:/usr/local/bin:node_modules/.bin:/usr/local/opt/ruby/bin:/usr/bin:/bin:/usr/sbin:/sbin:/usr/local/bin:/opt/X11/bin:/Users/james/projects/scripts:/Users/james/projects/outlet/bin:/Users/james/projects/jsshell:/Users/james/projects/LLJS/bin:/usr/local/pgsql/bin:/usr/local/sbin:node_modules/.bin:/usr/local/opt/ruby/bin
10 verbose lifecycle jlongster.com@~start: CWD: /Users/james/projects/jlongster/site
11 silly lifecycle jlongster.com@~start: Args: [ '-c', 'node server/run' ]
12 silly lifecycle jlongster.com@~start: Returned: code: 1  signal: null
13 info lifecycle jlongster.com@~start: Failed to exec start script
14 verbose stack Error: jlongster.com@ start: `node server/run`
14 verbose stack Exit status 1
14 verbose stack     at EventEmitter.<anonymous> (/usr/local/lib/node_modules/npm/lib/utils/lifecycle.js:232:16)
14 verbose stack     at emitTwo (events.js:87:13)
14 verbose stack     at EventEmitter.emit (events.js:172:7)
14 verbose stack     at ChildProcess.<anonymous> (/usr/local/lib/node_modules/npm/lib/utils/spawn.js:24:14)
14 verbose stack     at emitTwo (events.js:87:13)
14 verbose stack     at ChildProcess.emit (events.js:172:7)
14 verbose stack     at maybeClose (internal/child_process.js:818:16)
14 verbose stack     at Process.ChildProcess._handle.onexit (internal/child_process.js:211:5)
15 verbose pkgid jlongster.com@
16 verbose cwd /Users/james/projects/jlongster/site
17 error Darwin 15.3.0
18 error argv "/usr/local/bin/node" "/usr/local/bin/npm" "start"
19 error node v4.2.4
20 error npm  v3.5.3
21 error code ELIFECYCLE
22 error jlongster.com@ start: `node server/run`
22 error Exit status 1
23 error Failed at the jlongster.com@ start script 'node server/run'.
23 error Make sure you have the latest version of node.js and npm installed.
23 error If you do, this is most likely a problem with the jlongster.com package,
23 error not with npm itself.
23 error Tell the author that this fails on your system:
23 error     node server/run
23 error You can get information on how to open an issue for this project with:
23 error     npm bugs jlongster.com
23 error Or if that isn't available, you can get their info via:
23 error     npm owner ls jlongster.com
23 error There is likely additional logging output above.
24 verbose exit [ 1, true ]
